[+] Containers:
 |- [+] Container: /Game/Maps/KatanaShowdown
 |   |- [+] ActorDescs:
 |   |   |- Guid:02C6ECBF40D62FC5A3C0F6A1782223F4 BaseClass: NativeClass:/Script/Landscape.LandscapeStreamingProxy Name:LandscapeStreamingProxy_CBU3LWFLHGNH9N5BH715OAJAQ_126_3_-1_0 Label:LandscapeStreamingProxy_3_-1_0 SpatiallyLoaded:1 Bounds:IsValid=true, Min=(X=18900.000 Y=-25200.000 Z=210.000), Max=(X=25200.000 Y=-18900.000 Z=410.000) RuntimeGrid:None EditorOnly:0 RuntimeOnly:0 HLODRelevant:1 ListedInSceneOutliner:1 IsMainWorldOnly:0
 |   |   |- Guid:0342261B4D59A9AA67D993B4CC42FA00 BaseClass: NativeClass:/Script/Foliage.InstancedFoliageActor Name:InstancedFoliageActor_25600_-1_-1_0 Label:InstancedFoliageActor_-1_-1_0 SpatiallyLoaded:1 Bounds:(Editor:IsValid=true, Min=(X=-25600.000 Y=-25600.000 Z=0.000), Max=(X=0.000 Y=0.000 Z=25600.000) Runtime:IsValid=true, Min=(X=-14577.738 Y=-13315.505 Z=305.451), Max=(X=36.264 Y=30.586 Z=3815.370)) RuntimeGrid:None EditorOnly:0 RuntimeOnly:0 HLODRelevant:1 ListedInSceneOutliner:1 IsMainWorldOnly:0
 |   |   |- Guid:04977B3844DBFC2BC3A5268CACB1E785 BaseClass: NativeClass:/Script/Engine.PostProcessVolume Name:PostProcessVolume_0 Label:PostProcessVolume SpatiallyLoaded:0 Bounds:IsValid=true, Min=(X=0.000 Y=0.000 Z=400.000), Max=(X=200.000 Y=200.000 Z=600.000) RuntimeGrid:None EditorOnly:0 RuntimeOnly:0 HLODRelevant:0 ListedInSceneOutliner:1 IsMainWorldOnly:0 FolderPath:Lighting FolderGuid:963EC3EB4002CCE9759E2EBA541A873A
 |   |   |- Guid:06A175DB493A07A52623F2AA8F1A1459 BaseClass: NativeClass:/Script/Water.WaterZone Name:WaterZone_UAID_1062E5575A04FD2D01_1738063208 Label:WaterZone SpatiallyLoaded:1 Bounds:IsValid=true, Min=(X=-4153600.000 Y=-4153600.000 Z=-50290.000), Max=(X=4153600.000 Y=4153600.000 Z=52110.000) RuntimeGrid:None EditorOnly:0 RuntimeOnly:0 HLODRelevant:0 ListedInSceneOutliner:1 IsMainWorldOnly:0
 |   |   |- Guid:0A1626764B816F9E9032208828F2AD4A BaseClass: NativeClass:/Script/Engine.StaticMeshActor Name:StaticMeshActor_UAID_A4AE111137DC5EFB00_1110535423 Label:SM_SkySphere SpatiallyLoaded:1 Bounds:IsValid=true, Min=(X=-1638400.000 Y=-1638400.000 Z=-1638400.000), Max=(X=1638400.000 Y=1638400.000 Z=1638400.000) RuntimeGrid:None EditorOnly:0 RuntimeOnly:0 HLODRelevant:1 ListedInSceneOutliner:1 IsMainWorldOnly:0 FolderPath:Lighting FolderGuid:963EC3EB4002CCE9759E2EBA541A873A
 |   |   |- Guid:0F6A1D4944C98E06ACD6C1BACF4C62A3 BaseClass: NativeClass:/Script/Foliage.InstancedFoliageActor Name:InstancedFoliageActor_25600_0_0_0 Label:InstancedFoliageActor_0_0_0 SpatiallyLoaded:1 Bounds:(Editor:IsValid=true, Min=(X=0.000 Y=0.000 Z=0.000), Max=(X=25600.000 Y=25600.000 Z=25600.000) Runtime:IsValid=true, Min=(X=-11.008 Y=-27.392 Z=305.660), Max=(X=11810.634 Y=13069.357 Z=2610.756)) RuntimeGrid:None EditorOnly:0 RuntimeOnly:0 HLODRelevant:1 ListedInSceneOutliner:1 IsMainWorldOnly:0
 |   |   |- Guid:11A5877C4C567C8EA59ABEA91FE6835C BaseClass: NativeClass:/Script/Landscape.LandscapeStreamingProxy Name:LandscapeStreamingProxy_CBU3LWFLHGNH9N5BH715OAJAQ_1_2_1_0 Label:LandscapeStreamingProxy_2_1_0 SpatiallyLoaded:1 Bounds:IsValid=true, Min=(X=6300.000 Y=-6300.000 Z=310.000), Max=(X=18900.000 Y=6300.000 Z=5481.094) RuntimeGrid:None EditorOnly:0 RuntimeOnly:0 HLODRelevant:1 ListedInSceneOutliner:1 IsMainWorldOnly:0
 |   |   |- Guid:1777B2084EBDFBAC3D0E97BF90C0D6E8 BaseClass: NativeClass:/Script/Landscape.Landscape Name:Landscape_UAID_0C5415F0D8CCEC2801_1188107935 Label:Landscape SpatiallyLoaded:0 Bounds:IsValid=true, Min=(X=-18900.000 Y=-18900.000 Z=310.000), Max=(X=-18900.000 Y=-18900.000 Z=310.000) RuntimeGrid:None EditorOnly:0 RuntimeOnly:0 HLODRelevant:0 ListedInSceneOutliner:1 IsMainWorldOnly:0
 |   |   |- Guid:1ABBFAA14A8D634D00C696B380765A82 BaseClass: NativeClass:/Script/Water.WaterBodyOcean Name:WaterBodyOcean_UAID_1062E5575A04FD2D01_1737441207 Label:WaterBodyOcean SpatiallyLoaded:1 Bounds:IsValid=true, Min=(X=-50162.930 Y=-49986.104 Z=-19272.781), Max=(X=49837.070 Y=50013.896 Z=727.219) RuntimeGrid:None EditorOnly:0 RuntimeOnly:0 HLODRelevant:0 ListedInSceneOutliner:1 IsMainWorldOnly:0
 |   |   |- Guid:2190DD114FCB01F524281B93748704CE BaseClass: NativeClass:/Script/Landscape.LandscapeStreamingProxy Name:LandscapeStreamingProxy_CBU3LWFLHGNH9N5BH715OAJAQ_1_0_0_0 Label:LandscapeStreamingProxy_0_0_0 SpatiallyLoaded:1 Bounds:IsValid=true, Min=(X=-18900.000 Y=-18900.000 Z=310.000), Max=(X=-6300.000 Y=-6300.000 Z=5264.688) RuntimeGrid:None EditorOnly:0 RuntimeOnly:0 HLODRelevant:1 ListedInSceneOutliner:1 IsMainWorldOnly:0
 |   |   |- Guid:225877B0424CCABA330DF0B9E6A60DBB BaseClass: NativeClass:/Script/Engine.SkyAtmosphere Name:SkyAtmosphere_0 Label:SkyAtmosphere SpatiallyLoaded:0 Bounds:IsValid=true, Min=(X=0.000 Y=0.000 Z=1020.000), Max=(X=0.000 Y=0.000 Z=1020.000) RuntimeGrid:None EditorOnly:0 RuntimeOnly:0 HLODRelevant:0 ListedInSceneOutliner:1 IsMainWorldOnly:0 Parent:9C5958A14C27C59D6A9EB1937AB32B92 FolderPath:Lighting FolderGuid:963EC3EB4002CCE9759E2EBA541A873A
 |   |   |- Guid:2512805146067CA71FD4E2A85E7823D8 BaseClass: NativeClass:/Script/Engine.VolumetricCloud Name:VolumetricCloud_0 Label:VolumetricCloud SpatiallyLoaded:0 Bounds:IsValid=true, Min=(X=0.000 Y=0.000 Z=820.000), Max=(X=0.000 Y=0.000 Z=820.000) RuntimeGrid:None EditorOnly:0 RuntimeOnly:0 HLODRelevant:0 ListedInSceneOutliner:1 IsMainWorldOnly:0 FolderPath:Lighting FolderGuid:963EC3EB4002CCE9759E2EBA541A873A
 |   |   |- Guid:2816A84340C50E1551B59BA9B7C5EC9F BaseClass: NativeClass:/Script/Landscape.LandscapeStreamingProxy Name:LandscapeStreamingProxy_CBU3LWFLHGNH9N5BH715OAJAQ_126_1_-1_0 Label:LandscapeStreamingProxy_1_-1_0 SpatiallyLoaded:1 Bounds:IsValid=true, Min=(X=-6300.000 Y=-25200.000 Z=310.000), Max=(X=6300.000 Y=-18900.000 Z=2650.625) RuntimeGrid:None EditorOnly:0 RuntimeOnly:0 HLODRelevant:1 ListedInSceneOutliner:1 IsMainWorldOnly:0
 |   |   |- Guid:2C6D2E684064D11EB05A048052D9F7AE BaseClass: NativeClass:/Script/Foliage.InstancedFoliageActor Name:InstancedFoliageActor_UAID_0C5415F0D8CC473801_1451180791 Label:InstancedFoliageActor SpatiallyLoaded:1 Bounds:(Editor:IsValid=true, Min=(X=0.000 Y=0.000 Z=0.000), Max=(X=1.000 Y=1.000 Z=1.000) Runtime:IsValid=true, Min=(X=0.000 Y=0.000 Z=0.000), Max=(X=0.000 Y=0.000 Z=0.000)) RuntimeGrid:None EditorOnly:0 RuntimeOnly:0 HLODRelevant:0 ListedInSceneOutliner:1 IsMainWorldOnly:0
 |   |   |- Guid:37101A6B402EC543BB5122919CAD249F BaseClass: NativeClass:/Script/Landscape.LandscapeStreamingProxy Name:LandscapeStreamingProxy_CBU3LWFLHGNH9N5BH715OAJAQ_126_0_-1_0 Label:LandscapeStreamingProxy_0_-1_0 SpatiallyLoaded:1 Bounds:IsValid=true, Min=(X=-18900.000 Y=-25200.000 Z=310.000), Max=(X=-6300.000 Y=-18900.000 Z=1776.406) RuntimeGrid:None EditorOnly:0 RuntimeOnly:0 HLODRelevant:1 ListedInSceneOutliner:1 IsMainWorldOnly:0
 |   |   |- Guid:46107C82438E185701985E99FBCE3586 BaseClass: NativeClass:/Script/Engine.StaticMeshActor Name:Potato_C_UAID_40EC99867EE518C101_1215574193 Label:Potato SpatiallyLoaded:1 Bounds:IsValid=true, Min=(X=-3306.945 Y=-5250.387 Z=-1379.708), Max=(X=3261.102 Y=7750.274 Z=2184.711) RuntimeGrid:None EditorOnly:0 RuntimeOnly:0 HLODRelevant:0 ListedInSceneOutliner:1 IsMainWorldOnly:0
 |   |   |- Guid:484D2C964A3DA331D8AD6AA9277F2541 BaseClass: NativeClass:/Script/Engine.PlayerStart Name:PlayerStart_0 Label:PlayerStart SpatiallyLoaded:0 Bounds:IsValid=true, Min=(X=70.000 Y=30.000 Z=130.013), Max=(X=150.000 Y=110.000 Z=314.013) RuntimeGrid:None EditorOnly:0 RuntimeOnly:0 HLODRelevant:0 ListedInSceneOutliner:1 IsMainWorldOnly:0
 |   |   |- Guid:52F9F6844B1261224AC243891C97B287 BaseClass: NativeClass:/Script/Engine.DirectionalLight Name:DirectionalLight_0 Label:DirectionalLight SpatiallyLoaded:0 Bounds:IsValid=true, Min=(X=-1048576.000 Y=-1048576.000 Z=-1048576.000), Max=(X=1048576.000 Y=1048576.000 Z=1048576.000) RuntimeGrid:None EditorOnly:0 RuntimeOnly:0 HLODRelevant:0 ListedInSceneOutliner:1 IsMainWorldOnly:0 FolderPath:Lighting FolderGuid:963EC3EB4002CCE9759E2EBA541A873A
 |   |   |- Guid:5FDFA46146AB6A1D67F905ABCEC75037 BaseClass: NativeClass:/Script/Landscape.LandscapeStreamingProxy Name:LandscapeStreamingProxy_CBU3LWFLHGNH9N5BH715OAJAQ_1_1_1_0 Label:LandscapeStreamingProxy_1_1_0 SpatiallyLoaded:1 Bounds:IsValid=true, Min=(X=-6300.000 Y=-6300.000 Z=210.000), Max=(X=6300.000 Y=6300.000 Z=410.000) RuntimeGrid:None EditorOnly:0 RuntimeOnly:0 HLODRelevant:1 ListedInSceneOutliner:1 IsMainWorldOnly:0
 |   |   |- Guid:624FE0F24AA5753D09689B8FAB5B4F3E BaseClass: NativeClass:/Script/Landscape.LandscapeStreamingProxy Name:LandscapeStreamingProxy_CBU3LWFLHGNH9N5BH715OAJAQ_126_1_3_0 Label:LandscapeStreamingProxy_1_3_0 SpatiallyLoaded:1 Bounds:IsValid=true, Min=(X=-6300.000 Y=18900.000 Z=210.000), Max=(X=6300.000 Y=25200.000 Z=410.000) RuntimeGrid:None EditorOnly:0 RuntimeOnly:0 HLODRelevant:1 ListedInSceneOutliner:1 IsMainWorldOnly:0
 |   |   |- Guid:6B3C097E448E3FA938AAC99447F14A6F BaseClass: NativeClass:/Script/Engine.WorldDataLayers Name:WorldDataLayers Label:WorldDataLayers-1 SpatiallyLoaded:0 Bounds:IsValid=true, Min=(X=0.000 Y=0.000 Z=0.000), Max=(X=0.000 Y=0.000 Z=0.000) RuntimeGrid:None EditorOnly:0 RuntimeOnly:0 HLODRelevant:0 ListedInSceneOutliner:1 IsMainWorldOnly:1
 |   |   |- Guid:6CA08416408E4EB09FB52D85FE1F53D4 BaseClass: NativeClass:/Script/WaterEditor.WaterBrushManager Name:Landscape_WaterBrushManager_0 Label:Landscape_WaterBrushManager SpatiallyLoaded:0 Bounds:IsValid=true, Min=(X=0.000 Y=0.000 Z=750.000), Max=(X=0.000 Y=0.000 Z=750.000) RuntimeGrid:None EditorOnly:0 RuntimeOnly:0 HLODRelevant:0 ListedInSceneOutliner:1 IsMainWorldOnly:0
 |   |   |- Guid:72930D124CAFA75550BBF281B63B4D6C BaseClass: NativeClass:/Script/Landscape.LandscapeStreamingProxy Name:LandscapeStreamingProxy_CBU3LWFLHGNH9N5BH715OAJAQ_126_0_3_0 Label:LandscapeStreamingProxy_0_3_0 SpatiallyLoaded:1 Bounds:IsValid=true, Min=(X=-18900.000 Y=18900.000 Z=210.000), Max=(X=-6300.000 Y=25200.000 Z=410.000) RuntimeGrid:None EditorOnly:0 RuntimeOnly:0 HLODRelevant:1 ListedInSceneOutliner:1 IsMainWorldOnly:0
 |   |   |- Guid:72CB35324ABE7A7A4EFC01A67C1A06D8 BaseClass: NativeClass:/Script/Foliage.InstancedFoliageActor Name:InstancedFoliageActor_25600_-1_0_0 Label:InstancedFoliageActor_-1_0_0 SpatiallyLoaded:1 Bounds:(Editor:IsValid=true, Min=(X=-25600.000 Y=0.000 Z=0.000), Max=(X=0.000 Y=25600.000 Z=25600.000) Runtime:IsValid=true, Min=(X=-13984.989 Y=-18.305 Z=305.761), Max=(X=13.924 Y=11434.335 Z=3686.624)) RuntimeGrid:None EditorOnly:0 RuntimeOnly:0 HLODRelevant:1 ListedInSceneOutliner:1 IsMainWorldOnly:0
 |   |   |- Guid:7B99572E45C4A0FFDCB74E851624391D BaseClass: NativeClass:/Script/Landscape.LandscapeStreamingProxy Name:LandscapeStreamingProxy_CBU3LWFLHGNH9N5BH715OAJAQ_126_3_3_0 Label:LandscapeStreamingProxy_3_3_0 SpatiallyLoaded:1 Bounds:IsValid=true, Min=(X=18900.000 Y=18900.000 Z=210.000), Max=(X=25200.000 Y=25200.000 Z=410.000) RuntimeGrid:None EditorOnly:0 RuntimeOnly:0 HLODRelevant:1 ListedInSceneOutliner:1 IsMainWorldOnly:0
 |   |   |- Guid:7C9052EB42F342E94023E4A55A75BF93 BaseClass: NativeClass:/Script/Landscape.LandscapeStreamingProxy Name:LandscapeStreamingProxy_CBU3LWFLHGNH9N5BH715OAJAQ_126_3_2_0 Label:LandscapeStreamingProxy_3_2_0 SpatiallyLoaded:1 Bounds:IsValid=true, Min=(X=18900.000 Y=6300.000 Z=210.000), Max=(X=25200.000 Y=18900.000 Z=410.000) RuntimeGrid:None EditorOnly:0 RuntimeOnly:0 HLODRelevant:1 ListedInSceneOutliner:1 IsMainWorldOnly:0
 |   |   |- Guid:9C5958A14C27C59D6A9EB1937AB32B92 BaseClass: NativeClass:/Script/Engine.SkyLight Name:SkyLight_1 Label:SkyLight SpatiallyLoaded:0 Bounds:IsValid=true, Min=(X=0.000 Y=0.000 Z=690.000), Max=(X=0.000 Y=0.000 Z=690.000) RuntimeGrid:None EditorOnly:0 RuntimeOnly:0 HLODRelevant:0 ListedInSceneOutliner:1 IsMainWorldOnly:0 FolderPath:Lighting FolderGuid:963EC3EB4002CCE9759E2EBA541A873A
 |   |   |- Guid:AB55D6A3424688CCD08BE58B2456E8A1 BaseClass: NativeClass:/Script/Landscape.LandscapeStreamingProxy Name:LandscapeStreamingProxy_CBU3LWFLHGNH9N5BH715OAJAQ_126_-1_1_0 Label:LandscapeStreamingProxy_-1_1_0 SpatiallyLoaded:1 Bounds:IsValid=true, Min=(X=-25200.000 Y=-6300.000 Z=310.000), Max=(X=-18900.000 Y=6300.000 Z=2138.125) RuntimeGrid:None EditorOnly:0 RuntimeOnly:0 HLODRelevant:1 ListedInSceneOutliner:1 IsMainWorldOnly:0
 |   |   |- Guid:ADE2ECB3469B6735E936A7B3CB10DACF BaseClass: NativeClass:/Script/Landscape.LandscapeStreamingProxy Name:LandscapeStreamingProxy_CBU3LWFLHGNH9N5BH715OAJAQ_126_-1_2_0 Label:LandscapeStreamingProxy_-1_2_0 SpatiallyLoaded:1 Bounds:IsValid=true, Min=(X=-25200.000 Y=6300.000 Z=310.000), Max=(X=-18900.000 Y=18900.000 Z=1354.531) RuntimeGrid:None EditorOnly:0 RuntimeOnly:0 HLODRelevant:1 ListedInSceneOutliner:1 IsMainWorldOnly:0
 |   |   |- Guid:B64D66D54981207FF7932895A868CC1E BaseClass: NativeClass:/Script/Foliage.InstancedFoliageActor Name:InstancedFoliageActor_25600_0_-1_0 Label:InstancedFoliageActor_0_-1_0 SpatiallyLoaded:1 Bounds:(Editor:IsValid=true, Min=(X=0.000 Y=-25600.000 Z=0.000), Max=(X=25600.000 Y=0.000 Z=25600.000) Runtime:IsValid=true, Min=(X=-29.840 Y=-13330.407 Z=305.678), Max=(X=10293.127 Y=32.224 Z=775.041)) RuntimeGrid:None EditorOnly:0 RuntimeOnly:0 HLODRelevant:1 ListedInSceneOutliner:1 IsMainWorldOnly:0
 |   |   |- Guid:B91AA6EA40347717F5E2B2BA578AAA90 BaseClass: NativeClass:/Script/Landscape.LandscapeStreamingProxy Name:LandscapeStreamingProxy_CBU3LWFLHGNH9N5BH715OAJAQ_126_2_-1_0 Label:LandscapeStreamingProxy_2_-1_0 SpatiallyLoaded:1 Bounds:IsValid=true, Min=(X=6300.000 Y=-25200.000 Z=310.000), Max=(X=18900.000 Y=-18900.000 Z=1635.781) RuntimeGrid:None EditorOnly:0 RuntimeOnly:0 HLODRelevant:1 ListedInSceneOutliner:1 IsMainWorldOnly:0
 |   |   |- Guid:BF022D544BB1E69CA83CB490D2DC9A21 BaseClass: NativeClass:/Script/Landscape.LandscapeStreamingProxy Name:LandscapeStreamingProxy_CBU3LWFLHGNH9N5BH715OAJAQ_126_-1_3_0 Label:LandscapeStreamingProxy_-1_3_0 SpatiallyLoaded:1 Bounds:IsValid=true, Min=(X=-25200.000 Y=18900.000 Z=210.000), Max=(X=-18900.000 Y=25200.000 Z=410.000) RuntimeGrid:None EditorOnly:0 RuntimeOnly:0 HLODRelevant:1 ListedInSceneOutliner:1 IsMainWorldOnly:0
 |   |   |- Guid:C5C01B794EC71EA9E70825943BF7DB75 BaseClass: NativeClass:/Script/Engine.ExponentialHeightFog Name:ExponentialHeightFog_0 Label:ExponentialHeightFog SpatiallyLoaded:0 Bounds:IsValid=true, Min=(X=-5600.000 Y=-50.000 Z=-6850.000), Max=(X=-5600.000 Y=-50.000 Z=-6850.000) RuntimeGrid:None EditorOnly:0 RuntimeOnly:0 HLODRelevant:0 ListedInSceneOutliner:1 IsMainWorldOnly:0 FolderPath:Lighting FolderGuid:963EC3EB4002CCE9759E2EBA541A873A
 |   |   |- Guid:CC9E84B34486F77F0DE4E797512B9B0E BaseClass: NativeClass:/Script/Landscape.LandscapeStreamingProxy Name:LandscapeStreamingProxy_CBU3LWFLHGNH9N5BH715OAJAQ_126_-1_0_0 Label:LandscapeStreamingProxy_-1_0_0 SpatiallyLoaded:1 Bounds:IsValid=true, Min=(X=-25200.000 Y=-18900.000 Z=310.000), Max=(X=-18900.000 Y=-6300.000 Z=2192.031) RuntimeGrid:None EditorOnly:0 RuntimeOnly:0 HLODRelevant:1 ListedInSceneOutliner:1 IsMainWorldOnly:0
 |   |   |- Guid:D19A08E645D6D41DFB8513AABF11523B BaseClass: NativeClass:/Script/Niagara.NiagaraActor Name:NiagaraActor_UAID_40EC99867EE517C101_1746153016 Label:NS_Food SpatiallyLoaded:1 Bounds:IsValid=true, Min=(X=-331.012 Y=756.555 Z=239.410), Max=(X=318.825 Y=1389.971 Z=585.787) RuntimeGrid:None EditorOnly:0 RuntimeOnly:0 HLODRelevant:0 ListedInSceneOutliner:1 IsMainWorldOnly:0 FolderGuid:A4BEAF03487745E961140D9F7B548905
 |   |   |- Guid:D35774F24CA5C5D568BC668E9A342D15 BaseClass: NativeClass:/Script/Landscape.LandscapeStreamingProxy Name:LandscapeStreamingProxy_CBU3LWFLHGNH9N5BH715OAJAQ_1_2_0_0 Label:LandscapeStreamingProxy_2_0_0 SpatiallyLoaded:1 Bounds:IsValid=true, Min=(X=6300.000 Y=-18900.000 Z=310.000), Max=(X=18900.000 Y=-6300.000 Z=4206.875) RuntimeGrid:None EditorOnly:0 RuntimeOnly:0 HLODRelevant:1 ListedInSceneOutliner:1 IsMainWorldOnly:0
 |   |   |- Guid:D40B782F4C2556C5A8E18091954B2305 BaseClass: NativeClass:/Script/Landscape.LandscapeStreamingProxy Name:LandscapeStreamingProxy_CBU3LWFLHGNH9N5BH715OAJAQ_1_2_2_0 Label:LandscapeStreamingProxy_2_2_0 SpatiallyLoaded:1 Bounds:IsValid=true, Min=(X=6300.000 Y=6300.000 Z=310.000), Max=(X=18900.000 Y=18900.000 Z=5240.469) RuntimeGrid:None EditorOnly:0 RuntimeOnly:0 HLODRelevant:1 ListedInSceneOutliner:1 IsMainWorldOnly:0
 |   |   |- Guid:D63D02C549B7BE30752A92A9D2F66B0E BaseClass: NativeClass:/Script/Landscape.LandscapeStreamingProxy Name:LandscapeStreamingProxy_CBU3LWFLHGNH9N5BH715OAJAQ_126_-1_-1_0 Label:LandscapeStreamingProxy_-1_-1_0 SpatiallyLoaded:1 Bounds:IsValid=true, Min=(X=-25200.000 Y=-25200.000 Z=310.000), Max=(X=-18900.000 Y=-18900.000 Z=318.594) RuntimeGrid:None EditorOnly:0 RuntimeOnly:0 HLODRelevant:1 ListedInSceneOutliner:1 IsMainWorldOnly:0
 |   |   |- Guid:D9945F294571F4F2EA0C2FAA3D3D85BB BaseClass: NativeClass:/Script/Landscape.LandscapeStreamingProxy Name:LandscapeStreamingProxy_CBU3LWFLHGNH9N5BH715OAJAQ_1_1_0_0 Label:LandscapeStreamingProxy_1_0_0 SpatiallyLoaded:1 Bounds:IsValid=true, Min=(X=-6300.000 Y=-18900.000 Z=310.000), Max=(X=6300.000 Y=-6300.000 Z=4492.031) RuntimeGrid:None EditorOnly:0 RuntimeOnly:0 HLODRelevant:1 ListedInSceneOutliner:1 IsMainWorldOnly:0
 |   |   |- Guid:DA25C9C2429411734F9CD7A9604B7A23 BaseClass: NativeClass:/Script/Landscape.LandscapeStreamingProxy Name:LandscapeStreamingProxy_CBU3LWFLHGNH9N5BH715OAJAQ_1_1_2_0 Label:LandscapeStreamingProxy_1_2_0 SpatiallyLoaded:1 Bounds:IsValid=true, Min=(X=-6300.000 Y=6300.000 Z=310.000), Max=(X=6300.000 Y=18900.000 Z=5485.781) RuntimeGrid:None EditorOnly:0 RuntimeOnly:0 HLODRelevant:1 ListedInSceneOutliner:1 IsMainWorldOnly:0
 |   |   |- Guid:DE339DF441E52D6427520493CD71423E BaseClass: NativeClass:/Script/Landscape.LandscapeStreamingProxy Name:LandscapeStreamingProxy_CBU3LWFLHGNH9N5BH715OAJAQ_126_3_1_0 Label:LandscapeStreamingProxy_3_1_0 SpatiallyLoaded:1 Bounds:IsValid=true, Min=(X=18900.000 Y=-6300.000 Z=210.000), Max=(X=25200.000 Y=6300.000 Z=410.000) RuntimeGrid:None EditorOnly:0 RuntimeOnly:0 HLODRelevant:1 ListedInSceneOutliner:1 IsMainWorldOnly:0
 |   |   |- Guid:E4B2D4D04C36469376AAF7B6FFD64B6A BaseClass: NativeClass:/Script/Landscape.LandscapeStreamingProxy Name:LandscapeStreamingProxy_CBU3LWFLHGNH9N5BH715OAJAQ_1_0_2_0 Label:LandscapeStreamingProxy_0_2_0 SpatiallyLoaded:1 Bounds:IsValid=true, Min=(X=-18900.000 Y=6300.000 Z=310.000), Max=(X=-6300.000 Y=18900.000 Z=5138.125) RuntimeGrid:None EditorOnly:0 RuntimeOnly:0 HLODRelevant:1 ListedInSceneOutliner:1 IsMainWorldOnly:0
 |   |   |- Guid:F1695605448DB8F243DC34BD550EC8F1 BaseClass: NativeClass:/Script/Landscape.LandscapeStreamingProxy Name:LandscapeStreamingProxy_CBU3LWFLHGNH9N5BH715OAJAQ_126_3_0_0 Label:LandscapeStreamingProxy_3_0_0 SpatiallyLoaded:1 Bounds:IsValid=true, Min=(X=18900.000 Y=-18900.000 Z=210.000), Max=(X=25200.000 Y=-6300.000 Z=410.000) RuntimeGrid:None EditorOnly:0 RuntimeOnly:0 HLODRelevant:1 ListedInSceneOutliner:1 IsMainWorldOnly:0
 |   |   |- Guid:F372C95D4D2494CD58305E8DA22CDDA8 BaseClass: NativeClass:/Script/Landscape.LandscapeStreamingProxy Name:LandscapeStreamingProxy_CBU3LWFLHGNH9N5BH715OAJAQ_1_0_1_0 Label:LandscapeStreamingProxy_0_1_0 SpatiallyLoaded:1 Bounds:IsValid=true, Min=(X=-18900.000 Y=-6300.000 Z=310.000), Max=(X=-6300.000 Y=6300.000 Z=5142.812) RuntimeGrid:None EditorOnly:0 RuntimeOnly:0 HLODRelevant:1 ListedInSceneOutliner:1 IsMainWorldOnly:0
 |   |   |- Guid:FE8C0CA94F4795224647DA8D50370429 BaseClass: NativeClass:/Script/Landscape.LandscapeStreamingProxy Name:LandscapeStreamingProxy_CBU3LWFLHGNH9N5BH715OAJAQ_126_2_3_0 Label:LandscapeStreamingProxy_2_3_0 SpatiallyLoaded:1 Bounds:IsValid=true, Min=(X=6300.000 Y=18900.000 Z=210.000), Max=(X=18900.000 Y=25200.000 Z=410.000) RuntimeGrid:None EditorOnly:0 RuntimeOnly:0 HLODRelevant:1 ListedInSceneOutliner:1 IsMainWorldOnly:0
 |   |- [+] Clusters:
 |   |   |- [+] [  0]
 |   |   |   |- Guid:02C6ECBF40D62FC5A3C0F6A1782223F4 BaseClass: NativeClass:/Script/Landscape.LandscapeStreamingProxy Name:LandscapeStreamingProxy_CBU3LWFLHGNH9N5BH715OAJAQ_126_3_-1_0 Label:LandscapeStreamingProxy_3_-1_0 SpatiallyLoaded:1 Bounds:IsValid=true, Min=(X=18900.000 Y=-25200.000 Z=210.000), Max=(X=25200.000 Y=-18900.000 Z=410.000) RuntimeGrid:None EditorOnly:0 RuntimeOnly:0 HLODRelevant:1 ListedInSceneOutliner:1 IsMainWorldOnly:0
 |   |   |- [+] [  1]
 |   |   |   |- Guid:0342261B4D59A9AA67D993B4CC42FA00 BaseClass: NativeClass:/Script/Foliage.InstancedFoliageActor Name:InstancedFoliageActor_25600_-1_-1_0 Label:InstancedFoliageActor_-1_-1_0 SpatiallyLoaded:1 Bounds:(Editor:IsValid=true, Min=(X=-25600.000 Y=-25600.000 Z=0.000), Max=(X=0.000 Y=0.000 Z=25600.000) Runtime:IsValid=true, Min=(X=-14577.738 Y=-13315.505 Z=305.451), Max=(X=36.264 Y=30.586 Z=3815.370)) RuntimeGrid:None EditorOnly:0 RuntimeOnly:0 HLODRelevant:1 ListedInSceneOutliner:1 IsMainWorldOnly:0
 |   |   |- [+] [  2]
 |   |   |   |- Guid:04977B3844DBFC2BC3A5268CACB1E785 BaseClass: NativeClass:/Script/Engine.PostProcessVolume Name:PostProcessVolume_0 Label:PostProcessVolume SpatiallyLoaded:0 Bounds:IsValid=true, Min=(X=0.000 Y=0.000 Z=400.000), Max=(X=200.000 Y=200.000 Z=600.000) RuntimeGrid:None EditorOnly:0 RuntimeOnly:0 HLODRelevant:0 ListedInSceneOutliner:1 IsMainWorldOnly:0 FolderPath:Lighting FolderGuid:963EC3EB4002CCE9759E2EBA541A873A
 |   |   |- [+] [  3]
 |   |   |   |- Guid:06A175DB493A07A52623F2AA8F1A1459 BaseClass: NativeClass:/Script/Water.WaterZone Name:WaterZone_UAID_1062E5575A04FD2D01_1738063208 Label:WaterZone SpatiallyLoaded:1 Bounds:IsValid=true, Min=(X=-4153600.000 Y=-4153600.000 Z=-50290.000), Max=(X=4153600.000 Y=4153600.000 Z=52110.000) RuntimeGrid:None EditorOnly:0 RuntimeOnly:0 HLODRelevant:0 ListedInSceneOutliner:1 IsMainWorldOnly:0
 |   |   |- [+] [  4]
 |   |   |   |- Guid:0A1626764B816F9E9032208828F2AD4A BaseClass: NativeClass:/Script/Engine.StaticMeshActor Name:StaticMeshActor_UAID_A4AE111137DC5EFB00_1110535423 Label:SM_SkySphere SpatiallyLoaded:1 Bounds:IsValid=true, Min=(X=-1638400.000 Y=-1638400.000 Z=-1638400.000), Max=(X=1638400.000 Y=1638400.000 Z=1638400.000) RuntimeGrid:None EditorOnly:0 RuntimeOnly:0 HLODRelevant:1 ListedInSceneOutliner:1 IsMainWorldOnly:0 FolderPath:Lighting FolderGuid:963EC3EB4002CCE9759E2EBA541A873A
 |   |   |- [+] [  5]
 |   |   |   |- Guid:0F6A1D4944C98E06ACD6C1BACF4C62A3 BaseClass: NativeClass:/Script/Foliage.InstancedFoliageActor Name:InstancedFoliageActor_25600_0_0_0 Label:InstancedFoliageActor_0_0_0 SpatiallyLoaded:1 Bounds:(Editor:IsValid=true, Min=(X=0.000 Y=0.000 Z=0.000), Max=(X=25600.000 Y=25600.000 Z=25600.000) Runtime:IsValid=true, Min=(X=-11.008 Y=-27.392 Z=305.660), Max=(X=11810.634 Y=13069.357 Z=2610.756)) RuntimeGrid:None EditorOnly:0 RuntimeOnly:0 HLODRelevant:1 ListedInSceneOutliner:1 IsMainWorldOnly:0
 |   |   |- [+] [  6]
 |   |   |   |- Guid:11A5877C4C567C8EA59ABEA91FE6835C BaseClass: NativeClass:/Script/Landscape.LandscapeStreamingProxy Name:LandscapeStreamingProxy_CBU3LWFLHGNH9N5BH715OAJAQ_1_2_1_0 Label:LandscapeStreamingProxy_2_1_0 SpatiallyLoaded:1 Bounds:IsValid=true, Min=(X=6300.000 Y=-6300.000 Z=310.000), Max=(X=18900.000 Y=6300.000 Z=5481.094) RuntimeGrid:None EditorOnly:0 RuntimeOnly:0 HLODRelevant:1 ListedInSceneOutliner:1 IsMainWorldOnly:0
 |   |   |- [+] [  7]
 |   |   |   |- Guid:1777B2084EBDFBAC3D0E97BF90C0D6E8 BaseClass: NativeClass:/Script/Landscape.Landscape Name:Landscape_UAID_0C5415F0D8CCEC2801_1188107935 Label:Landscape SpatiallyLoaded:0 Bounds:IsValid=true, Min=(X=-18900.000 Y=-18900.000 Z=310.000), Max=(X=-18900.000 Y=-18900.000 Z=310.000) RuntimeGrid:None EditorOnly:0 RuntimeOnly:0 HLODRelevant:0 ListedInSceneOutliner:1 IsMainWorldOnly:0
 |   |   |- [+] [  8]
 |   |   |   |- Guid:1ABBFAA14A8D634D00C696B380765A82 BaseClass: NativeClass:/Script/Water.WaterBodyOcean Name:WaterBodyOcean_UAID_1062E5575A04FD2D01_1737441207 Label:WaterBodyOcean SpatiallyLoaded:1 Bounds:IsValid=true, Min=(X=-50162.930 Y=-49986.104 Z=-19272.781), Max=(X=49837.070 Y=50013.896 Z=727.219) RuntimeGrid:None EditorOnly:0 RuntimeOnly:0 HLODRelevant:0 ListedInSceneOutliner:1 IsMainWorldOnly:0
 |   |   |- [+] [  9]
 |   |   |   |- Guid:2190DD114FCB01F524281B93748704CE BaseClass: NativeClass:/Script/Landscape.LandscapeStreamingProxy Name:LandscapeStreamingProxy_CBU3LWFLHGNH9N5BH715OAJAQ_1_0_0_0 Label:LandscapeStreamingProxy_0_0_0 SpatiallyLoaded:1 Bounds:IsValid=true, Min=(X=-18900.000 Y=-18900.000 Z=310.000), Max=(X=-6300.000 Y=-6300.000 Z=5264.688) RuntimeGrid:None EditorOnly:0 RuntimeOnly:0 HLODRelevant:1 ListedInSceneOutliner:1 IsMainWorldOnly:0
 |   |   |- [+] [ 10]
 |   |   |   |- Guid:225877B0424CCABA330DF0B9E6A60DBB BaseClass: NativeClass:/Script/Engine.SkyAtmosphere Name:SkyAtmosphere_0 Label:SkyAtmosphere SpatiallyLoaded:0 Bounds:IsValid=true, Min=(X=0.000 Y=0.000 Z=1020.000), Max=(X=0.000 Y=0.000 Z=1020.000) RuntimeGrid:None EditorOnly:0 RuntimeOnly:0 HLODRelevant:0 ListedInSceneOutliner:1 IsMainWorldOnly:0 Parent:9C5958A14C27C59D6A9EB1937AB32B92 FolderPath:Lighting FolderGuid:963EC3EB4002CCE9759E2EBA541A873A
 |   |   |   |- Guid:9C5958A14C27C59D6A9EB1937AB32B92 BaseClass: NativeClass:/Script/Engine.SkyLight Name:SkyLight_1 Label:SkyLight SpatiallyLoaded:0 Bounds:IsValid=true, Min=(X=0.000 Y=0.000 Z=690.000), Max=(X=0.000 Y=0.000 Z=690.000) RuntimeGrid:None EditorOnly:0 RuntimeOnly:0 HLODRelevant:0 ListedInSceneOutliner:1 IsMainWorldOnly:0 FolderPath:Lighting FolderGuid:963EC3EB4002CCE9759E2EBA541A873A
 |   |   |- [+] [ 11]
 |   |   |   |- Guid:2512805146067CA71FD4E2A85E7823D8 BaseClass: NativeClass:/Script/Engine.VolumetricCloud Name:VolumetricCloud_0 Label:VolumetricCloud SpatiallyLoaded:0 Bounds:IsValid=true, Min=(X=0.000 Y=0.000 Z=820.000), Max=(X=0.000 Y=0.000 Z=820.000) RuntimeGrid:None EditorOnly:0 RuntimeOnly:0 HLODRelevant:0 ListedInSceneOutliner:1 IsMainWorldOnly:0 FolderPath:Lighting FolderGuid:963EC3EB4002CCE9759E2EBA541A873A
 |   |   |- [+] [ 12]
 |   |   |   |- Guid:2816A84340C50E1551B59BA9B7C5EC9F BaseClass: NativeClass:/Script/Landscape.LandscapeStreamingProxy Name:LandscapeStreamingProxy_CBU3LWFLHGNH9N5BH715OAJAQ_126_1_-1_0 Label:LandscapeStreamingProxy_1_-1_0 SpatiallyLoaded:1 Bounds:IsValid=true, Min=(X=-6300.000 Y=-25200.000 Z=310.000), Max=(X=6300.000 Y=-18900.000 Z=2650.625) RuntimeGrid:None EditorOnly:0 RuntimeOnly:0 HLODRelevant:1 ListedInSceneOutliner:1 IsMainWorldOnly:0
 |   |   |- [+] [ 13]
 |   |   |   |- Guid:2C6D2E684064D11EB05A048052D9F7AE BaseClass: NativeClass:/Script/Foliage.InstancedFoliageActor Name:InstancedFoliageActor_UAID_0C5415F0D8CC473801_1451180791 Label:InstancedFoliageActor SpatiallyLoaded:1 Bounds:(Editor:IsValid=true, Min=(X=0.000 Y=0.000 Z=0.000), Max=(X=1.000 Y=1.000 Z=1.000) Runtime:IsValid=true, Min=(X=0.000 Y=0.000 Z=0.000), Max=(X=0.000 Y=0.000 Z=0.000)) RuntimeGrid:None EditorOnly:0 RuntimeOnly:0 HLODRelevant:0 ListedInSceneOutliner:1 IsMainWorldOnly:0
 |   |   |- [+] [ 14]
 |   |   |   |- Guid:37101A6B402EC543BB5122919CAD249F BaseClass: NativeClass:/Script/Landscape.LandscapeStreamingProxy Name:LandscapeStreamingProxy_CBU3LWFLHGNH9N5BH715OAJAQ_126_0_-1_0 Label:LandscapeStreamingProxy_0_-1_0 SpatiallyLoaded:1 Bounds:IsValid=true, Min=(X=-18900.000 Y=-25200.000 Z=310.000), Max=(X=-6300.000 Y=-18900.000 Z=1776.406) RuntimeGrid:None EditorOnly:0 RuntimeOnly:0 HLODRelevant:1 ListedInSceneOutliner:1 IsMainWorldOnly:0
 |   |   |- [+] [ 15]
 |   |   |   |- Guid:46107C82438E185701985E99FBCE3586 BaseClass: NativeClass:/Script/Engine.StaticMeshActor Name:Potato_C_UAID_40EC99867EE518C101_1215574193 Label:Potato SpatiallyLoaded:1 Bounds:IsValid=true, Min=(X=-3306.945 Y=-5250.387 Z=-1379.708), Max=(X=3261.102 Y=7750.274 Z=2184.711) RuntimeGrid:None EditorOnly:0 RuntimeOnly:0 HLODRelevant:0 ListedInSceneOutliner:1 IsMainWorldOnly:0
 |   |   |- [+] [ 16]
 |   |   |   |- Guid:484D2C964A3DA331D8AD6AA9277F2541 BaseClass: NativeClass:/Script/Engine.PlayerStart Name:PlayerStart_0 Label:PlayerStart SpatiallyLoaded:0 Bounds:IsValid=true, Min=(X=70.000 Y=30.000 Z=130.013), Max=(X=150.000 Y=110.000 Z=314.013) RuntimeGrid:None EditorOnly:0 RuntimeOnly:0 HLODRelevant:0 ListedInSceneOutliner:1 IsMainWorldOnly:0
 |   |   |- [+] [ 17]
 |   |   |   |- Guid:52F9F6844B1261224AC243891C97B287 BaseClass: NativeClass:/Script/Engine.DirectionalLight Name:DirectionalLight_0 Label:DirectionalLight SpatiallyLoaded:0 Bounds:IsValid=true, Min=(X=-1048576.000 Y=-1048576.000 Z=-1048576.000), Max=(X=1048576.000 Y=1048576.000 Z=1048576.000) RuntimeGrid:None EditorOnly:0 RuntimeOnly:0 HLODRelevant:0 ListedInSceneOutliner:1 IsMainWorldOnly:0 FolderPath:Lighting FolderGuid:963EC3EB4002CCE9759E2EBA541A873A
 |   |   |- [+] [ 18]
 |   |   |   |- Guid:5FDFA46146AB6A1D67F905ABCEC75037 BaseClass: NativeClass:/Script/Landscape.LandscapeStreamingProxy Name:LandscapeStreamingProxy_CBU3LWFLHGNH9N5BH715OAJAQ_1_1_1_0 Label:LandscapeStreamingProxy_1_1_0 SpatiallyLoaded:1 Bounds:IsValid=true, Min=(X=-6300.000 Y=-6300.000 Z=210.000), Max=(X=6300.000 Y=6300.000 Z=410.000) RuntimeGrid:None EditorOnly:0 RuntimeOnly:0 HLODRelevant:1 ListedInSceneOutliner:1 IsMainWorldOnly:0
 |   |   |- [+] [ 19]
 |   |   |   |- Guid:624FE0F24AA5753D09689B8FAB5B4F3E BaseClass: NativeClass:/Script/Landscape.LandscapeStreamingProxy Name:LandscapeStreamingProxy_CBU3LWFLHGNH9N5BH715OAJAQ_126_1_3_0 Label:LandscapeStreamingProxy_1_3_0 SpatiallyLoaded:1 Bounds:IsValid=true, Min=(X=-6300.000 Y=18900.000 Z=210.000), Max=(X=6300.000 Y=25200.000 Z=410.000) RuntimeGrid:None EditorOnly:0 RuntimeOnly:0 HLODRelevant:1 ListedInSceneOutliner:1 IsMainWorldOnly:0
 |   |   |- [+] [ 20]
 |   |   |   |- Guid:6B3C097E448E3FA938AAC99447F14A6F BaseClass: NativeClass:/Script/Engine.WorldDataLayers Name:WorldDataLayers Label:WorldDataLayers-1 SpatiallyLoaded:0 Bounds:IsValid=true, Min=(X=0.000 Y=0.000 Z=0.000), Max=(X=0.000 Y=0.000 Z=0.000) RuntimeGrid:None EditorOnly:0 RuntimeOnly:0 HLODRelevant:0 ListedInSceneOutliner:1 IsMainWorldOnly:1
 |   |   |- [+] [ 21]
 |   |   |   |- Guid:6CA08416408E4EB09FB52D85FE1F53D4 BaseClass: NativeClass:/Script/WaterEditor.WaterBrushManager Name:Landscape_WaterBrushManager_0 Label:Landscape_WaterBrushManager SpatiallyLoaded:0 Bounds:IsValid=true, Min=(X=0.000 Y=0.000 Z=750.000), Max=(X=0.000 Y=0.000 Z=750.000) RuntimeGrid:None EditorOnly:0 RuntimeOnly:0 HLODRelevant:0 ListedInSceneOutliner:1 IsMainWorldOnly:0
 |   |   |- [+] [ 22]
 |   |   |   |- Guid:72930D124CAFA75550BBF281B63B4D6C BaseClass: NativeClass:/Script/Landscape.LandscapeStreamingProxy Name:LandscapeStreamingProxy_CBU3LWFLHGNH9N5BH715OAJAQ_126_0_3_0 Label:LandscapeStreamingProxy_0_3_0 SpatiallyLoaded:1 Bounds:IsValid=true, Min=(X=-18900.000 Y=18900.000 Z=210.000), Max=(X=-6300.000 Y=25200.000 Z=410.000) RuntimeGrid:None EditorOnly:0 RuntimeOnly:0 HLODRelevant:1 ListedInSceneOutliner:1 IsMainWorldOnly:0
 |   |   |- [+] [ 23]
 |   |   |   |- Guid:72CB35324ABE7A7A4EFC01A67C1A06D8 BaseClass: NativeClass:/Script/Foliage.InstancedFoliageActor Name:InstancedFoliageActor_25600_-1_0_0 Label:InstancedFoliageActor_-1_0_0 SpatiallyLoaded:1 Bounds:(Editor:IsValid=true, Min=(X=-25600.000 Y=0.000 Z=0.000), Max=(X=0.000 Y=25600.000 Z=25600.000) Runtime:IsValid=true, Min=(X=-13984.989 Y=-18.305 Z=305.761), Max=(X=13.924 Y=11434.335 Z=3686.624)) RuntimeGrid:None EditorOnly:0 RuntimeOnly:0 HLODRelevant:1 ListedInSceneOutliner:1 IsMainWorldOnly:0
 |   |   |- [+] [ 24]
 |   |   |   |- Guid:7B99572E45C4A0FFDCB74E851624391D BaseClass: NativeClass:/Script/Landscape.LandscapeStreamingProxy Name:LandscapeStreamingProxy_CBU3LWFLHGNH9N5BH715OAJAQ_126_3_3_0 Label:LandscapeStreamingProxy_3_3_0 SpatiallyLoaded:1 Bounds:IsValid=true, Min=(X=18900.000 Y=18900.000 Z=210.000), Max=(X=25200.000 Y=25200.000 Z=410.000) RuntimeGrid:None EditorOnly:0 RuntimeOnly:0 HLODRelevant:1 ListedInSceneOutliner:1 IsMainWorldOnly:0
 |   |   |- [+] [ 25]
 |   |   |   |- Guid:7C9052EB42F342E94023E4A55A75BF93 BaseClass: NativeClass:/Script/Landscape.LandscapeStreamingProxy Name:LandscapeStreamingProxy_CBU3LWFLHGNH9N5BH715OAJAQ_126_3_2_0 Label:LandscapeStreamingProxy_3_2_0 SpatiallyLoaded:1 Bounds:IsValid=true, Min=(X=18900.000 Y=6300.000 Z=210.000), Max=(X=25200.000 Y=18900.000 Z=410.000) RuntimeGrid:None EditorOnly:0 RuntimeOnly:0 HLODRelevant:1 ListedInSceneOutliner:1 IsMainWorldOnly:0
 |   |   |- [+] [ 26]
 |   |   |   |- Guid:AB55D6A3424688CCD08BE58B2456E8A1 BaseClass: NativeClass:/Script/Landscape.LandscapeStreamingProxy Name:LandscapeStreamingProxy_CBU3LWFLHGNH9N5BH715OAJAQ_126_-1_1_0 Label:LandscapeStreamingProxy_-1_1_0 SpatiallyLoaded:1 Bounds:IsValid=true, Min=(X=-25200.000 Y=-6300.000 Z=310.000), Max=(X=-18900.000 Y=6300.000 Z=2138.125) RuntimeGrid:None EditorOnly:0 RuntimeOnly:0 HLODRelevant:1 ListedInSceneOutliner:1 IsMainWorldOnly:0
 |   |   |- [+] [ 27]
 |   |   |   |- Guid:ADE2ECB3469B6735E936A7B3CB10DACF BaseClass: NativeClass:/Script/Landscape.LandscapeStreamingProxy Name:LandscapeStreamingProxy_CBU3LWFLHGNH9N5BH715OAJAQ_126_-1_2_0 Label:LandscapeStreamingProxy_-1_2_0 SpatiallyLoaded:1 Bounds:IsValid=true, Min=(X=-25200.000 Y=6300.000 Z=310.000), Max=(X=-18900.000 Y=18900.000 Z=1354.531) RuntimeGrid:None EditorOnly:0 RuntimeOnly:0 HLODRelevant:1 ListedInSceneOutliner:1 IsMainWorldOnly:0
 |   |   |- [+] [ 28]
 |   |   |   |- Guid:B64D66D54981207FF7932895A868CC1E BaseClass: NativeClass:/Script/Foliage.InstancedFoliageActor Name:InstancedFoliageActor_25600_0_-1_0 Label:InstancedFoliageActor_0_-1_0 SpatiallyLoaded:1 Bounds:(Editor:IsValid=true, Min=(X=0.000 Y=-25600.000 Z=0.000), Max=(X=25600.000 Y=0.000 Z=25600.000) Runtime:IsValid=true, Min=(X=-29.840 Y=-13330.407 Z=305.678), Max=(X=10293.127 Y=32.224 Z=775.041)) RuntimeGrid:None EditorOnly:0 RuntimeOnly:0 HLODRelevant:1 ListedInSceneOutliner:1 IsMainWorldOnly:0
 |   |   |- [+] [ 29]
 |   |   |   |- Guid:B91AA6EA40347717F5E2B2BA578AAA90 BaseClass: NativeClass:/Script/Landscape.LandscapeStreamingProxy Name:LandscapeStreamingProxy_CBU3LWFLHGNH9N5BH715OAJAQ_126_2_-1_0 Label:LandscapeStreamingProxy_2_-1_0 SpatiallyLoaded:1 Bounds:IsValid=true, Min=(X=6300.000 Y=-25200.000 Z=310.000), Max=(X=18900.000 Y=-18900.000 Z=1635.781) RuntimeGrid:None EditorOnly:0 RuntimeOnly:0 HLODRelevant:1 ListedInSceneOutliner:1 IsMainWorldOnly:0
 |   |   |- [+] [ 30]
 |   |   |   |- Guid:BF022D544BB1E69CA83CB490D2DC9A21 BaseClass: NativeClass:/Script/Landscape.LandscapeStreamingProxy Name:LandscapeStreamingProxy_CBU3LWFLHGNH9N5BH715OAJAQ_126_-1_3_0 Label:LandscapeStreamingProxy_-1_3_0 SpatiallyLoaded:1 Bounds:IsValid=true, Min=(X=-25200.000 Y=18900.000 Z=210.000), Max=(X=-18900.000 Y=25200.000 Z=410.000) RuntimeGrid:None EditorOnly:0 RuntimeOnly:0 HLODRelevant:1 ListedInSceneOutliner:1 IsMainWorldOnly:0
 |   |   |- [+] [ 31]
 |   |   |   |- Guid:C5C01B794EC71EA9E70825943BF7DB75 BaseClass: NativeClass:/Script/Engine.ExponentialHeightFog Name:ExponentialHeightFog_0 Label:ExponentialHeightFog SpatiallyLoaded:0 Bounds:IsValid=true, Min=(X=-5600.000 Y=-50.000 Z=-6850.000), Max=(X=-5600.000 Y=-50.000 Z=-6850.000) RuntimeGrid:None EditorOnly:0 RuntimeOnly:0 HLODRelevant:0 ListedInSceneOutliner:1 IsMainWorldOnly:0 FolderPath:Lighting FolderGuid:963EC3EB4002CCE9759E2EBA541A873A
 |   |   |- [+] [ 32]
 |   |   |   |- Guid:CC9E84B34486F77F0DE4E797512B9B0E BaseClass: NativeClass:/Script/Landscape.LandscapeStreamingProxy Name:LandscapeStreamingProxy_CBU3LWFLHGNH9N5BH715OAJAQ_126_-1_0_0 Label:LandscapeStreamingProxy_-1_0_0 SpatiallyLoaded:1 Bounds:IsValid=true, Min=(X=-25200.000 Y=-18900.000 Z=310.000), Max=(X=-18900.000 Y=-6300.000 Z=2192.031) RuntimeGrid:None EditorOnly:0 RuntimeOnly:0 HLODRelevant:1 ListedInSceneOutliner:1 IsMainWorldOnly:0
 |   |   |- [+] [ 33]
 |   |   |   |- Guid:D19A08E645D6D41DFB8513AABF11523B BaseClass: NativeClass:/Script/Niagara.NiagaraActor Name:NiagaraActor_UAID_40EC99867EE517C101_1746153016 Label:NS_Food SpatiallyLoaded:1 Bounds:IsValid=true, Min=(X=-331.012 Y=756.555 Z=239.410), Max=(X=318.825 Y=1389.971 Z=585.787) RuntimeGrid:None EditorOnly:0 RuntimeOnly:0 HLODRelevant:0 ListedInSceneOutliner:1 IsMainWorldOnly:0 FolderGuid:A4BEAF03487745E961140D9F7B548905
 |   |   |- [+] [ 34]
 |   |   |   |- Guid:D35774F24CA5C5D568BC668E9A342D15 BaseClass: NativeClass:/Script/Landscape.LandscapeStreamingProxy Name:LandscapeStreamingProxy_CBU3LWFLHGNH9N5BH715OAJAQ_1_2_0_0 Label:LandscapeStreamingProxy_2_0_0 SpatiallyLoaded:1 Bounds:IsValid=true, Min=(X=6300.000 Y=-18900.000 Z=310.000), Max=(X=18900.000 Y=-6300.000 Z=4206.875) RuntimeGrid:None EditorOnly:0 RuntimeOnly:0 HLODRelevant:1 ListedInSceneOutliner:1 IsMainWorldOnly:0
 |   |   |- [+] [ 35]
 |   |   |   |- Guid:D40B782F4C2556C5A8E18091954B2305 BaseClass: NativeClass:/Script/Landscape.LandscapeStreamingProxy Name:LandscapeStreamingProxy_CBU3LWFLHGNH9N5BH715OAJAQ_1_2_2_0 Label:LandscapeStreamingProxy_2_2_0 SpatiallyLoaded:1 Bounds:IsValid=true, Min=(X=6300.000 Y=6300.000 Z=310.000), Max=(X=18900.000 Y=18900.000 Z=5240.469) RuntimeGrid:None EditorOnly:0 RuntimeOnly:0 HLODRelevant:1 ListedInSceneOutliner:1 IsMainWorldOnly:0
 |   |   |- [+] [ 36]
 |   |   |   |- Guid:D63D02C549B7BE30752A92A9D2F66B0E BaseClass: NativeClass:/Script/Landscape.LandscapeStreamingProxy Name:LandscapeStreamingProxy_CBU3LWFLHGNH9N5BH715OAJAQ_126_-1_-1_0 Label:LandscapeStreamingProxy_-1_-1_0 SpatiallyLoaded:1 Bounds:IsValid=true, Min=(X=-25200.000 Y=-25200.000 Z=310.000), Max=(X=-18900.000 Y=-18900.000 Z=318.594) RuntimeGrid:None EditorOnly:0 RuntimeOnly:0 HLODRelevant:1 ListedInSceneOutliner:1 IsMainWorldOnly:0
 |   |   |- [+] [ 37]
 |   |   |   |- Guid:D9945F294571F4F2EA0C2FAA3D3D85BB BaseClass: NativeClass:/Script/Landscape.LandscapeStreamingProxy Name:LandscapeStreamingProxy_CBU3LWFLHGNH9N5BH715OAJAQ_1_1_0_0 Label:LandscapeStreamingProxy_1_0_0 SpatiallyLoaded:1 Bounds:IsValid=true, Min=(X=-6300.000 Y=-18900.000 Z=310.000), Max=(X=6300.000 Y=-6300.000 Z=4492.031) RuntimeGrid:None EditorOnly:0 RuntimeOnly:0 HLODRelevant:1 ListedInSceneOutliner:1 IsMainWorldOnly:0
 |   |   |- [+] [ 38]
 |   |   |   |- Guid:DA25C9C2429411734F9CD7A9604B7A23 BaseClass: NativeClass:/Script/Landscape.LandscapeStreamingProxy Name:LandscapeStreamingProxy_CBU3LWFLHGNH9N5BH715OAJAQ_1_1_2_0 Label:LandscapeStreamingProxy_1_2_0 SpatiallyLoaded:1 Bounds:IsValid=true, Min=(X=-6300.000 Y=6300.000 Z=310.000), Max=(X=6300.000 Y=18900.000 Z=5485.781) RuntimeGrid:None EditorOnly:0 RuntimeOnly:0 HLODRelevant:1 ListedInSceneOutliner:1 IsMainWorldOnly:0
 |   |   |- [+] [ 39]
 |   |   |   |- Guid:DE339DF441E52D6427520493CD71423E BaseClass: NativeClass:/Script/Landscape.LandscapeStreamingProxy Name:LandscapeStreamingProxy_CBU3LWFLHGNH9N5BH715OAJAQ_126_3_1_0 Label:LandscapeStreamingProxy_3_1_0 SpatiallyLoaded:1 Bounds:IsValid=true, Min=(X=18900.000 Y=-6300.000 Z=210.000), Max=(X=25200.000 Y=6300.000 Z=410.000) RuntimeGrid:None EditorOnly:0 RuntimeOnly:0 HLODRelevant:1 ListedInSceneOutliner:1 IsMainWorldOnly:0
 |   |   |- [+] [ 40]
 |   |   |   |- Guid:E4B2D4D04C36469376AAF7B6FFD64B6A BaseClass: NativeClass:/Script/Landscape.LandscapeStreamingProxy Name:LandscapeStreamingProxy_CBU3LWFLHGNH9N5BH715OAJAQ_1_0_2_0 Label:LandscapeStreamingProxy_0_2_0 SpatiallyLoaded:1 Bounds:IsValid=true, Min=(X=-18900.000 Y=6300.000 Z=310.000), Max=(X=-6300.000 Y=18900.000 Z=5138.125) RuntimeGrid:None EditorOnly:0 RuntimeOnly:0 HLODRelevant:1 ListedInSceneOutliner:1 IsMainWorldOnly:0
 |   |   |- [+] [ 41]
 |   |   |   |- Guid:F1695605448DB8F243DC34BD550EC8F1 BaseClass: NativeClass:/Script/Landscape.LandscapeStreamingProxy Name:LandscapeStreamingProxy_CBU3LWFLHGNH9N5BH715OAJAQ_126_3_0_0 Label:LandscapeStreamingProxy_3_0_0 SpatiallyLoaded:1 Bounds:IsValid=true, Min=(X=18900.000 Y=-18900.000 Z=210.000), Max=(X=25200.000 Y=-6300.000 Z=410.000) RuntimeGrid:None EditorOnly:0 RuntimeOnly:0 HLODRelevant:1 ListedInSceneOutliner:1 IsMainWorldOnly:0
 |   |   |- [+] [ 42]
 |   |   |   |- Guid:F372C95D4D2494CD58305E8DA22CDDA8 BaseClass: NativeClass:/Script/Landscape.LandscapeStreamingProxy Name:LandscapeStreamingProxy_CBU3LWFLHGNH9N5BH715OAJAQ_1_0_1_0 Label:LandscapeStreamingProxy_0_1_0 SpatiallyLoaded:1 Bounds:IsValid=true, Min=(X=-18900.000 Y=-6300.000 Z=310.000), Max=(X=-6300.000 Y=6300.000 Z=5142.812) RuntimeGrid:None EditorOnly:0 RuntimeOnly:0 HLODRelevant:1 ListedInSceneOutliner:1 IsMainWorldOnly:0
 |   |   |- [+] [ 43]
 |   |   |   |- Guid:FE8C0CA94F4795224647DA8D50370429 BaseClass: NativeClass:/Script/Landscape.LandscapeStreamingProxy Name:LandscapeStreamingProxy_CBU3LWFLHGNH9N5BH715OAJAQ_126_2_3_0 Label:LandscapeStreamingProxy_2_3_0 SpatiallyLoaded:1 Bounds:IsValid=true, Min=(X=6300.000 Y=18900.000 Z=210.000), Max=(X=18900.000 Y=25200.000 Z=410.000) RuntimeGrid:None EditorOnly:0 RuntimeOnly:0 HLODRelevant:1 ListedInSceneOutliner:1 IsMainWorldOnly:0
 |- ContainerInstances:
 |- [+] MainContainer:
 |   |-        ID: 00000000000000000000000000000000
 |   |-  ParentID: 00000000000000000000000000000000
 |   |-    Bounds: IsValid=false, Min=(X=0.000 Y=0.000 Z=0.000), Max=(X=0.000 Y=0.000 Z=0.000)
 |   |- Transform: 0.000000,0.000000,0.000000|0.000000,0.000000,-0.000000|1.000000,1.000000,1.000000
 |   |- Container: /Game/Maps/KatanaShowdown
----------------------------------------------------------------------------------------------------------------
KatanaShowdown - Persistent Level
----------------------------------------------------------------------------------------------------------------
[+] Content of KatanaShowdown Persistent Level
 |- Always loaded Actor Count: 45 
 |- Actor Path: /Game/Maps/KatanaShowdown.KatanaShowdown:PersistentLevel.DirectionalLight_0
 |- Actor Package: /Game/__ExternalActors__/Maps/KatanaShowdown/9/ML/OH1X7I8NT8DTM0X1FIMTZN
 |- Actor Path: /Game/Maps/KatanaShowdown.KatanaShowdown:PersistentLevel.ExponentialHeightFog_0
 |- Actor Package: /Game/__ExternalActors__/Maps/KatanaShowdown/B/FK/ISPO5UWDON57GTWFLBOVLS
 |- Actor Path: /Game/Maps/KatanaShowdown.KatanaShowdown:PersistentLevel.InstancedFoliageActor_25600_-1_-1_0
 |- Actor Package: /Game/__ExternalActors__/Maps/KatanaShowdown/C/7Q/8GQVHJXFJUACTVCMFSH8KX
 |- Actor Path: /Game/Maps/KatanaShowdown.KatanaShowdown:PersistentLevel.InstancedFoliageActor_25600_-1_0_0
 |- Actor Package: /Game/__ExternalActors__/Maps/KatanaShowdown/F/0P/9KNTH3SNDHMLC79ZNHQUAT
 |- Actor Path: /Game/Maps/KatanaShowdown.KatanaShowdown:PersistentLevel.InstancedFoliageActor_25600_0_-1_0
 |- Actor Package: /Game/__ExternalActors__/Maps/KatanaShowdown/9/7W/ZCUIEH56YR7NTDHXT1AZBQ
 |- Actor Path: /Game/Maps/KatanaShowdown.KatanaShowdown:PersistentLevel.InstancedFoliageActor_25600_0_0_0
 |- Actor Package: /Game/__ExternalActors__/Maps/KatanaShowdown/B/MB/Q4L4EFES4CQXQ0QRLJ96KI
 |- Actor Path: /Game/Maps/KatanaShowdown.KatanaShowdown:PersistentLevel.InstancedFoliageActor_UAID_0C5415F0D8CC473801_1451180791
 |- Actor Package: /Game/__ExternalActors__/Maps/KatanaShowdown/4/2Q/87T07FFI90HJ388OI23JNV
 |- Actor Path: /Game/Maps/KatanaShowdown.KatanaShowdown:PersistentLevel.Landscape_UAID_0C5415F0D8CCEC2801_1188107935
 |- Actor Package: /Game/__ExternalActors__/Maps/KatanaShowdown/A/U5/J97KG69TSTM7GTMLLG67WF
 |- Actor Path: /Game/Maps/KatanaShowdown.KatanaShowdown:PersistentLevel.Landscape_WaterBrushManager_0
 |- Actor Package: /Game/__ExternalActors__/Maps/KatanaShowdown/7/OK/VC2CWZ06OQGRUPEJ27Z9UQ
 |- Actor Path: /Game/Maps/KatanaShowdown.KatanaShowdown:PersistentLevel.LandscapeStreamingProxy_CBU3LWFLHGNH9N5BH715OAJAQ_126_-1_-1_0
 |- Actor Package: /Game/__ExternalActors__/Maps/KatanaShowdown/8/XH/1NDAWIBTEOMFU20IF52XAH
 |- Actor Path: /Game/Maps/KatanaShowdown.KatanaShowdown:PersistentLevel.LandscapeStreamingProxy_CBU3LWFLHGNH9N5BH715OAJAQ_126_-1_0_0
 |- Actor Package: /Game/__ExternalActors__/Maps/KatanaShowdown/4/RY/RB2F7EK3MEPP2RWSLWKO13
 |- Actor Path: /Game/Maps/KatanaShowdown.KatanaShowdown:PersistentLevel.LandscapeStreamingProxy_CBU3LWFLHGNH9N5BH715OAJAQ_126_-1_1_0
 |- Actor Package: /Game/__ExternalActors__/Maps/KatanaShowdown/4/U6/MFKNCSXXCSKK0KC2JS43FZ
 |- Actor Path: /Game/Maps/KatanaShowdown.KatanaShowdown:PersistentLevel.LandscapeStreamingProxy_CBU3LWFLHGNH9N5BH715OAJAQ_126_-1_2_0
 |- Actor Package: /Game/__ExternalActors__/Maps/KatanaShowdown/5/E4/ECAA23R1SBC71LKB05BA0N
 |- Actor Path: /Game/Maps/KatanaShowdown.KatanaShowdown:PersistentLevel.LandscapeStreamingProxy_CBU3LWFLHGNH9N5BH715OAJAQ_126_-1_3_0
 |- Actor Package: /Game/__ExternalActors__/Maps/KatanaShowdown/9/KY/YPM8YFJFT2E6Z7JTBAVGNG
 |- Actor Path: /Game/Maps/KatanaShowdown.KatanaShowdown:PersistentLevel.LandscapeStreamingProxy_CBU3LWFLHGNH9N5BH715OAJAQ_126_0_-1_0
 |- Actor Package: /Game/__ExternalActors__/Maps/KatanaShowdown/E/WV/20VTJ9TPUEXWZ4QDMSBSPW
 |- Actor Path: /Game/Maps/KatanaShowdown.KatanaShowdown:PersistentLevel.LandscapeStreamingProxy_CBU3LWFLHGNH9N5BH715OAJAQ_126_0_3_0
 |- Actor Package: /Game/__ExternalActors__/Maps/KatanaShowdown/5/CM/UCMGZQQONZ9MLCUCJGSNVV
 |- Actor Path: /Game/Maps/KatanaShowdown.KatanaShowdown:PersistentLevel.LandscapeStreamingProxy_CBU3LWFLHGNH9N5BH715OAJAQ_126_1_-1_0
 |- Actor Package: /Game/__ExternalActors__/Maps/KatanaShowdown/6/6K/NQ52CCG1796A3H46F3G6M9
 |- Actor Path: /Game/Maps/KatanaShowdown.KatanaShowdown:PersistentLevel.LandscapeStreamingProxy_CBU3LWFLHGNH9N5BH715OAJAQ_126_1_3_0
 |- Actor Package: /Game/__ExternalActors__/Maps/KatanaShowdown/5/4A/OM9B98XFL9HD0NBZUF1WU7
 |- Actor Path: /Game/Maps/KatanaShowdown.KatanaShowdown:PersistentLevel.LandscapeStreamingProxy_CBU3LWFLHGNH9N5BH715OAJAQ_126_2_-1_0
 |- Actor Package: /Game/__ExternalActors__/Maps/KatanaShowdown/8/AU/4RQ8HTAHRE9FN8YB7Q88U0
 |- Actor Path: /Game/Maps/KatanaShowdown.KatanaShowdown:PersistentLevel.LandscapeStreamingProxy_CBU3LWFLHGNH9N5BH715OAJAQ_126_2_3_0
 |- Actor Package: /Game/__ExternalActors__/Maps/KatanaShowdown/D/WR/3PNOIQ567JTJYCRUO6ODJ4
 |- Actor Path: /Game/Maps/KatanaShowdown.KatanaShowdown:PersistentLevel.LandscapeStreamingProxy_CBU3LWFLHGNH9N5BH715OAJAQ_126_3_-1_0
 |- Actor Package: /Game/__ExternalActors__/Maps/KatanaShowdown/6/JE/J6QKDDUZRN5IF6D3E6A19G
 |- Actor Path: /Game/Maps/KatanaShowdown.KatanaShowdown:PersistentLevel.LandscapeStreamingProxy_CBU3LWFLHGNH9N5BH715OAJAQ_126_3_0_0
 |- Actor Package: /Game/__ExternalActors__/Maps/KatanaShowdown/B/CC/76L28JG1QOZSC6AHQN4WEZ
 |- Actor Path: /Game/Maps/KatanaShowdown.KatanaShowdown:PersistentLevel.LandscapeStreamingProxy_CBU3LWFLHGNH9N5BH715OAJAQ_126_3_1_0
 |- Actor Package: /Game/__ExternalActors__/Maps/KatanaShowdown/6/MS/N6GQSZX4LDX4JN97O5VS46
 |- Actor Path: /Game/Maps/KatanaShowdown.KatanaShowdown:PersistentLevel.LandscapeStreamingProxy_CBU3LWFLHGNH9N5BH715OAJAQ_126_3_2_0
 |- Actor Package: /Game/__ExternalActors__/Maps/KatanaShowdown/6/8J/WQUGZHJ7HLFRRMOJ95H8ZI
 |- Actor Path: /Game/Maps/KatanaShowdown.KatanaShowdown:PersistentLevel.LandscapeStreamingProxy_CBU3LWFLHGNH9N5BH715OAJAQ_126_3_3_0
 |- Actor Package: /Game/__ExternalActors__/Maps/KatanaShowdown/9/BC/16O3OVK632FQOI10E54UJE
 |- Actor Path: /Game/Maps/KatanaShowdown.KatanaShowdown:PersistentLevel.LandscapeStreamingProxy_CBU3LWFLHGNH9N5BH715OAJAQ_1_0_0_0
 |- Actor Package: /Game/__ExternalActors__/Maps/KatanaShowdown/9/PB/GUKRDB9OORILRL9LPO7LF8
 |- Actor Path: /Game/Maps/KatanaShowdown.KatanaShowdown:PersistentLevel.LandscapeStreamingProxy_CBU3LWFLHGNH9N5BH715OAJAQ_1_0_1_0
 |- Actor Package: /Game/__ExternalActors__/Maps/KatanaShowdown/7/I1/8S510PIEH6O7XWVXFLOBBE
 |- Actor Path: /Game/Maps/KatanaShowdown.KatanaShowdown:PersistentLevel.LandscapeStreamingProxy_CBU3LWFLHGNH9N5BH715OAJAQ_1_0_2_0
 |- Actor Package: /Game/__ExternalActors__/Maps/KatanaShowdown/5/2N/0HH1UF6XU5Z79X5MK6E6LW
 |- Actor Path: /Game/Maps/KatanaShowdown.KatanaShowdown:PersistentLevel.LandscapeStreamingProxy_CBU3LWFLHGNH9N5BH715OAJAQ_1_1_0_0
 |- Actor Package: /Game/__ExternalActors__/Maps/KatanaShowdown/D/1A/3O22FBFEXVCZFKBO9OMBDO
 |- Actor Path: /Game/Maps/KatanaShowdown.KatanaShowdown:PersistentLevel.LandscapeStreamingProxy_CBU3LWFLHGNH9N5BH715OAJAQ_1_1_1_0
 |- Actor Package: /Game/__ExternalActors__/Maps/KatanaShowdown/B/3B/MAIOIC7CQGOU9OEAT498WY
 |- Actor Path: /Game/Maps/KatanaShowdown.KatanaShowdown:PersistentLevel.LandscapeStreamingProxy_CBU3LWFLHGNH9N5BH715OAJAQ_1_1_2_0
 |- Actor Package: /Game/__ExternalActors__/Maps/KatanaShowdown/8/BO/991BB6MMPFW4UF1VD5N719
 |- Actor Path: /Game/Maps/KatanaShowdown.KatanaShowdown:PersistentLevel.LandscapeStreamingProxy_CBU3LWFLHGNH9N5BH715OAJAQ_1_2_0_0
 |- Actor Package: /Game/__ExternalActors__/Maps/KatanaShowdown/1/0L/LON6GL6AOKADCMHFWEGYXX
 |- Actor Path: /Game/Maps/KatanaShowdown.KatanaShowdown:PersistentLevel.LandscapeStreamingProxy_CBU3LWFLHGNH9N5BH715OAJAQ_1_2_1_0
 |- Actor Package: /Game/__ExternalActors__/Maps/KatanaShowdown/9/U4/XPSKHGGGQSR5G21N4S5WS7
 |- Actor Path: /Game/Maps/KatanaShowdown.KatanaShowdown:PersistentLevel.LandscapeStreamingProxy_CBU3LWFLHGNH9N5BH715OAJAQ_1_2_2_0
 |- Actor Package: /Game/__ExternalActors__/Maps/KatanaShowdown/E/M5/MK2EIPMEIUVVJSO8CE9O7M
 |- Actor Path: /Game/Maps/KatanaShowdown.KatanaShowdown:PersistentLevel.NiagaraActor_UAID_40EC99867EE517C101_1746153016
 |- Actor Package: /Game/__ExternalActors__/Maps/KatanaShowdown/7/1L/7TWTVOA5BKCITVA35T0YUE
 |- Actor Path: /Game/Maps/KatanaShowdown.KatanaShowdown:PersistentLevel.PlayerStart_0
 |- Actor Package: /Game/__ExternalActors__/Maps/KatanaShowdown/3/PY/WMG07OG04QKKL640WY0ZV1
 |- Actor Path: /Game/Maps/KatanaShowdown.KatanaShowdown:PersistentLevel.PostProcessVolume_0
 |- Actor Package: /Game/__ExternalActors__/Maps/KatanaShowdown/4/AX/XKEOCNXCU9U63HKYV7DZQ8
 |- Actor Path: /Game/Maps/KatanaShowdown.KatanaShowdown:PersistentLevel.Potato_C_UAID_40EC99867EE518C101_1215574193
 |- Actor Package: /Game/__ExternalActors__/Maps/KatanaShowdown/3/AK/HKL7HP8KKF4GHR3AG9IS3C
 |- Actor Path: /Game/Maps/KatanaShowdown.KatanaShowdown:PersistentLevel.SkyAtmosphere_0
 |- Actor Package: /Game/__ExternalActors__/Maps/KatanaShowdown/5/3P/E7O1J8SVBIDI1D2MHU162G
 |- Actor Path: /Game/Maps/KatanaShowdown.KatanaShowdown:PersistentLevel.SkyLight_1
 |- Actor Package: /Game/__ExternalActors__/Maps/KatanaShowdown/A/P5/NGUEYNTR6YPKQ4NQ1S89OX
 |- Actor Path: /Game/Maps/KatanaShowdown.KatanaShowdown:PersistentLevel.StaticMeshActor_UAID_A4AE111137DC5EFB00_1110535423
 |- Actor Package: /Game/__ExternalActors__/Maps/KatanaShowdown/B/L7/34X990V9TCQA33D9QIZPDZ
 |- Actor Path: /Game/Maps/KatanaShowdown.KatanaShowdown:PersistentLevel.VolumetricCloud_0
 |- Actor Package: /Game/__ExternalActors__/Maps/KatanaShowdown/4/FZ/J176BCHZWQJBIC62KXVNJT
 |- Actor Path: /Game/Maps/KatanaShowdown.KatanaShowdown:PersistentLevel.WaterBodyOcean_UAID_1062E5575A04FD2D01_1737441207
 |- Actor Package: /Game/__ExternalActors__/Maps/KatanaShowdown/4/0H/YGQH9Y5FUUEDMG81UYAWFS
 |- Actor Path: /Game/Maps/KatanaShowdown.KatanaShowdown:PersistentLevel.WaterZone_UAID_1062E5575A04FD2D01_1738063208
 |- Actor Package: /Game/__ExternalActors__/Maps/KatanaShowdown/8/P5/ULZGQEGIQ2R1XS5DZBE2DQ
 |- Actor Path: /Game/Maps/KatanaShowdown.KatanaShowdown:PersistentLevel.WorldDataLayers
 |- Actor Package: /Game/__ExternalActors__/Maps/KatanaShowdown/D/FU/8MIP4JULN9JQZ0USZ1BXLR

----------------------------------------------------------------------------------------------------------------
KatanaShowdown - Runtime Spatial Hash
----------------------------------------------------------------------------------------------------------------
[+] StreamingGrids
 |- [+] MainGrid
 |   |-             Origin: X=0.000 Y=0.000 Z=0.000
 |   |-          Cell Size: 12800
 |   |-       World Bounds: IsValid=false, Min=(X=0.000 Y=0.000 Z=0.000), Max=(X=0.000 Y=0.000 Z=0.000)
 |   |-      Loading Range: 25600.00
 |   |- Block Slow Loading: No
 |   |-  ClientOnlyVisible: No
 |   |- 
 |   |- [+] Grid Levels: 1
 |   |   |- Level  0: Cell Count    0 | Cell Size   12800 | Actor Count    0 (0.0%)
 |   |- 
 |   |- [+] Content of Grid Level 0
 |   |- 
